[22/12/21 17:55:03] hola: Inicio programa
[22/12/21 17:55:03] hola: Fin programa
[22/12/21 18:01:50] 165: Inicio programa
[22/12/21 18:01:50] 165: Fin programa
[22/12/21 18:08:56] 175: Inicio programa
[22/12/21 18:08:56] 175: Fin programa
[22/12/21 18:09:39] 181: Inicio programa
[22/12/21 18:09:39] 181: Se ha montando la señal de no vips
[22/12/21 18:09:39] 181: Se ha montando la señal de vips
[22/12/21 18:09:39] 181: Fin programa
[22/12/21 18:10:54] 187: Inicio programa
[22/12/21 18:10:54] 187: Se ha montando la señal de no vips
[22/12/21 18:10:54] 187: Se ha montando la señal de vips
[22/12/21 18:10:54] 187: Se ha montando la señal de terminar
[22/12/21 18:10:54] 187: Fin programa
[27/12/21 12:55:32] Main: Inicio programa
[27/12/21 12:55:32] Main: Se ha montando la señal de no vips
[27/12/21 12:55:32] Main: Se ha montando la señal de vips
[27/12/21 12:55:32] Main: Se ha montando la señal de terminar
[27/12/21 12:57:30] Main: Inicio programa
[27/12/21 12:57:30] Main: Se ha montando la señal de no vips
[27/12/21 12:57:30] Main: Se ha montando la señal de vips
[27/12/21 12:57:30] Main: Se ha montando la señal de terminar
[27/12/21 13:00:19] Main: Inicio programa
[27/12/21 13:00:19] Main: Se ha montando la señal de no vips
[27/12/21 13:00:19] Main: Se ha montando la señal de vips
[27/12/21 13:00:19] Main: Se ha montando la señal de terminar
[27/12/21 13:09:03] Main: Inicio programa
[27/12/21 13:09:03] Main: Se ha montando la señal de no vips
[27/12/21 13:09:03] Main: Se ha montando la señal de vips
[27/12/21 13:09:03] Main: Se ha montando la señal de terminar
[27/12/21 13:15:02] Main: Inicio programa
[27/12/21 13:15:02] Main: Se ha montando la señal de no vips
[27/12/21 13:15:02] Main: Se ha montando la señal de vips
[27/12/21 13:15:02] Main: Se ha montando la señal de terminar
[27/12/21 13:15:44] Main: Inicio programa
[27/12/21 13:15:44] Main: Se ha montando la señal de no vips
[27/12/21 13:15:44] Main: Se ha montando la señal de vips
[27/12/21 13:15:44] Main: Se ha montando la señal de terminar
[27/12/21 13:19:36] Main: Inicio programa
[27/12/21 13:19:36] Main: Se ha montando la señal de no vips
[27/12/21 13:19:36] Main: Se ha montando la señal de vips
[27/12/21 13:19:36] Main: Se ha montando la señal de terminar
[27/12/21 13:20:04] Main: Inicio programa
[27/12/21 13:20:04] Main: Se ha montando la señal de no vips
[27/12/21 13:20:04] Main: Se ha montando la señal de vips
[27/12/21 13:20:04] Main: Se ha montando la señal de terminar
[27/12/21 13:21:59] Main: Inicio programa
[27/12/21 13:21:59] Main: Se ha montando la señal de no vips
[27/12/21 13:21:59] Main: Se ha montando la señal de vips
[27/12/21 13:21:59] Main: Se ha montando la señal de terminar
[27/12/21 13:22:43] Main: Inicio programa
[27/12/21 13:22:43] Main: Se ha montando la señal de no vips
[27/12/21 13:22:43] Main: Se ha montando la señal de vips
[27/12/21 13:22:43] Main: Se ha montando la señal de terminar
[27/12/21 13:48:02] Main: Inicio programa
[27/12/21 13:48:02] Main: Se ha montando la señal de no vips
[27/12/21 13:48:02] Main: Se ha montando la señal de vips
[27/12/21 13:48:02] Main: Se ha montando la señal de terminar
[27/12/21 13:50:38] Main: Inicio programa
[27/12/21 13:50:38] Main: Se ha montando la señal de no vips
[27/12/21 13:50:38] Main: Se ha montando la señal de vips
[27/12/21 13:50:38] Main: Se ha montando la señal de terminar
[27/12/21 14:19:27] Main: Inicio programa
[27/12/21 14:19:27] Main: Se ha montando la señal de no vips
[27/12/21 14:19:27] Main: Se ha montando la señal de vips
[27/12/21 14:19:27] Main: Se ha montando la señal de terminar
[05/01/22 02:33:23] Main: Inicio programa
[05/01/22 02:33:23] Main: Se ha montando la señal de no vips
[05/01/22 02:33:23] Main: Se ha montando la señal de vips
[05/01/22 02:33:23] Main: Se ha montando la señal de terminar
[05/01/22 02:33:23] Main: Se ha montando la señal de aumentar
[05/01/22 02:41:09] Main: Aumento de clientes a 21
[05/01/22 02:43:07] Main: Inicio programa
[05/01/22 02:43:07] Main: Se ha montando la señal de no vips
[05/01/22 02:43:07] Main: Se ha montando la señal de vips
[05/01/22 02:43:07] Main: Se ha montando la señal de terminar
[05/01/22 02:43:07] Main: Se ha montando la señal de aumentar
[05/01/22 02:46:26] Main: Fin programa
[05/01/22 02:46:53] Main: Inicio programa
[05/01/22 02:46:53] Main: Se ha montando la señal de no vips
[05/01/22 02:46:53] Main: Se ha montando la señal de vips
[05/01/22 02:46:53] Main: Se ha montando la señal de terminar
[05/01/22 02:46:53] Main: Se ha montando la señal de aumentar
[05/01/22 02:49:31] Main: Fin programa
[05/01/22 02:49:40] Main: Inicio programa
[05/01/22 02:49:40] Main: Se ha montando la señal de no vips
[05/01/22 02:49:40] Main: Se ha montando la señal de vips
[05/01/22 02:49:40] Main: Se ha montando la señal de terminar
[05/01/22 02:49:40] Main: Se ha montando la señal de aumentar
[05/01/22 02:49:51] Main: Fin programa
[05/01/22 02:50:23] Main: Inicio programa
[05/01/22 02:50:23] Main: Se ha montando la señal de no vips
[05/01/22 02:50:23] Main: Se ha montando la señal de vips
[05/01/22 02:50:23] Main: Se ha montando la señal de terminar
[05/01/22 02:50:23] Main: Se ha montando la señal de aumentar
[05/01/22 02:50:44] Main: Fin programa
[05/01/22 02:51:17] Main: Inicio programa
[05/01/22 02:51:17] Main: Se ha montando la señal de no vips
[05/01/22 02:51:17] Main: Se ha montando la señal de vips
[05/01/22 02:51:17] Main: Se ha montando la señal de terminar
[05/01/22 02:51:17] Main: Se ha montando la señal de aumentar
[05/01/22 02:52:55] Main: Fin programa
[05/01/22 02:52:59] Main: Inicio programa
[05/01/22 02:52:59] Main: Se ha montando la señal de no vips
[05/01/22 02:52:59] Main: Se ha montando la señal de vips
[05/01/22 02:52:59] Main: Se ha montando la señal de terminar
[05/01/22 02:52:59] Main: Se ha montando la señal de aumentar
[05/01/22 02:53:06] Main: Fin programa
[05/01/22 02:53:20] Main: Inicio programa
[05/01/22 02:53:20] Main: Se ha montando la señal de no vips
[05/01/22 02:53:20] Main: Se ha montando la señal de vips
[05/01/22 02:53:20] Main: Se ha montando la señal de terminar
[05/01/22 02:53:20] Main: Se ha montando la señal de aumentar
[05/01/22 02:54:47] Main: Fin programa
[05/01/22 02:54:51] Main: Inicio programa
[05/01/22 02:54:51] Main: Se ha montando la señal de no vips
[05/01/22 02:54:51] Main: Se ha montando la señal de vips
[05/01/22 02:54:51] Main: Se ha montando la señal de terminar
[05/01/22 02:54:51] Main: Se ha montando la señal de aumentar
[05/01/22 02:57:06] Main: Fin programa
[05/01/22 02:57:17] Main: Inicio programa
[05/01/22 02:57:17] Main: Se ha montando la señal de no vips
[05/01/22 02:57:17] Main: Se ha montando la señal de vips
[05/01/22 02:57:17] Main: Se ha montando la señal de terminar
[05/01/22 02:57:17] Main: Se ha montando la señal de aumentar
[05/01/22 02:58:21] Main: Fin programa
[05/01/22 02:58:27] Main: Inicio programa
[05/01/22 02:58:27] Main: Se ha montando la señal de no vips
[05/01/22 02:58:27] Main: Se ha montando la señal de vips
[05/01/22 02:58:27] Main: Se ha montando la señal de terminar
[05/01/22 02:58:27] Main: Se ha montando la señal de aumentar
[05/01/22 02:59:06] Main: Fin programa
[05/01/22 02:59:10] Main: Inicio programa
[05/01/22 02:59:10] Main: Se ha montando la señal de no vips
[05/01/22 02:59:10] Main: Se ha montando la señal de vips
[05/01/22 02:59:10] Main: Se ha montando la señal de terminar
[05/01/22 02:59:10] Main: Se ha montando la señal de aumentar
[05/01/22 02:59:20] Cliente 1:: acabo de entrar en el hotel
[05/01/22 02:59:20] Cliente 1:: Estoy esperando en la cola para ser atendido.

[05/01/22 02:59:20] Cliente 1:: Estoy esperando en la cola para ser atendido.

[05/01/22 02:59:20] Cliente 1:: Estoy esperando en la cola para ser atendido.

[05/01/22 02:59:20] Cliente 1:: Estoy esperando en la cola para ser atendido.

[05/01/22 02:59:20] Cliente 1:: Estoy esperando en la cola para ser atendido.

[05/01/22 02:59:20] Cliente 1:: Estoy esperando en la cola para ser atendido.

[05/01/22 02:59:20] Cliente 1:: Estoy esperando en la cola para ser atendido.

[05/01/22 02:59:20] Cliente 1:: Estoy esperando en la cola para ser atendido.

[05/01/22 02:59:20] Cliente 1:: Estoy esperando en la cola para ser atendido.

[05/01/22 02:59:20] Cliente 1:: Estoy esperando en la cola para ser atendido.

[05/01/22 02:59:20] Cliente 1:: Estoy esperando en la cola para ser atendido.

[05/01/22 02:59:20] Cliente 1:: Estoy esperando en la cola para ser atendido.

[05/01/22 02:59:20] Cliente 1:: Estoy esperando en la cola para ser atendido.

[05/01/22 02:59:20] Cliente 1:: Me he cansado de esperar y me voy a las maquinas de Checking
[05/01/22 02:59:32] Cliente 1:: Me he cansado de esperar y me voy a las maquinas de Checking
[05/01/22 02:59:44] Cliente 1:: Estoy esperando en la cola para ser atendido.

[05/01/22 02:59:44] Cliente 1:: Me he cansado de esperar y me voy a las maquinas de Checking
[05/01/22 02:59:47] Cliente 1:: Me canse de esperar y me fui
[05/01/22 03:01:59] Main: Fin programa
[05/01/22 03:04:49] Main: Inicio programa
[05/01/22 03:04:49] Main: Se ha montando la señal de no vips
[05/01/22 03:04:49] Main: Se ha montando la señal de vips
[05/01/22 03:04:49] Main: Se ha montando la señal de terminar
[05/01/22 03:04:49] Main: Se ha montando la señal de aumentar
[05/01/22 03:04:58] Cliente 1:: acabo de entrar en el hotel
[05/01/22 03:04:58] Cliente 1:: Estoy esperando en la cola para ser atendido.

[05/01/22 03:04:58] Cliente 1:: Estoy esperando en la cola para ser atendido.

[05/01/22 03:04:58] Cliente 1:: Estoy esperando en la cola para ser atendido.

[05/01/22 03:04:58] Cliente 1:: Estoy esperando en la cola para ser atendido.

[05/01/22 03:04:58] Cliente 1:: He ido al baño y he perdido el turno asi que me voy
[05/01/22 03:05:06] Cliente 2:: acabo de entrar en el hotel
[05/01/22 03:05:06] Cliente 2:: Estoy esperando en la cola para ser atendido.

[05/01/22 03:05:06] Cliente 2:: Estoy esperando en la cola para ser atendido.

[05/01/22 03:05:06] Cliente 2:: Estoy esperando en la cola para ser atendido.

[05/01/22 03:05:06] Cliente 2:: Estoy esperando en la cola para ser atendido.

[05/01/22 03:05:06] Cliente 2:: Me he cansado de esperar y me voy a las maquinas de Checking
[05/01/22 03:05:42] Cliente 2:: Me canse de esperar y me fui
[05/01/22 03:05:42] Main: Fin programa
[05/01/22 03:11:59] Main: Inicio programa
[05/01/22 03:11:59] Main: Se ha montando la señal de no vips
[05/01/22 03:11:59] Main: Se ha montando la señal de vips
[05/01/22 03:11:59] Main: Se ha montando la señal de terminar
[05/01/22 03:11:59] Main: Se ha montando la señal de aumentar
[05/01/22 03:12:08] Cliente 1:: acabo de entrar en el hotel
[05/01/22 03:12:08] Cliente 1:: Estoy esperando en la cola para ser atendido.

[05/01/22 03:12:08] Cliente 1:: Estoy esperando en la cola para ser atendido.

[05/01/22 03:12:08] Cliente 1:: Estoy esperando en la cola para ser atendido.

[05/01/22 03:12:08] Cliente 1:: He ido al baño y he perdido el turno asi que me voy
[05/01/22 03:12:22] Main: Fin programa
[05/01/22 03:12:51] Main: Inicio programa
[05/01/22 03:12:51] Main: Se ha montando la señal de no vips
[05/01/22 03:12:51] Main: Se ha montando la señal de vips
[05/01/22 03:12:51] Main: Se ha montando la señal de terminar
[05/01/22 03:12:51] Main: Se ha montando la señal de aumentar
[05/01/22 03:13:00] Cliente 1:: acabo de entrar en el hotel
[05/01/22 03:13:00] Cliente 1:: Estoy esperando en la cola para ser atendido.

[05/01/22 03:13:00] Cliente 1:: Me he cansado de esperar y me voy a las maquinas de Checking
[05/01/22 03:13:36] Cliente 1:: Estoy esperando en la cola para ser atendido.

[05/01/22 03:13:36] Cliente 1:: Me he cansado de esperar y me voy a las maquinas de Checking
[05/01/22 03:13:39] Cliente 1:: Me canse de esperar y me fui
[05/01/22 03:13:39] Main: Fin programa
[05/01/22 03:15:11] Main: Inicio programa
[05/01/22 03:15:11] Main: Se ha montando la señal de no vips
[05/01/22 03:15:11] Main: Se ha montando la señal de vips
[05/01/22 03:15:11] Main: Se ha montando la señal de terminar
[05/01/22 03:15:11] Main: Se ha montando la señal de aumentar
[05/01/22 03:15:18] Cliente 1:: acabo de entrar en el hotel
[05/01/22 03:15:18] Cliente 1:: Me he cansado de esperar y me voy a las maquinas de Checking
[05/01/22 03:15:51] Cliente 1:: Me he cansado de esperar y me voy a las maquinas de Checking
[05/01/22 03:16:03] Cliente 1:: Estoy esperando en la cola para ser atendido.

[05/01/22 03:16:03] Cliente 1:: Estoy esperando en la cola para ser atendido.

[05/01/22 03:16:03] Cliente 1:: Estoy esperando en la cola para ser atendido.

[05/01/22 03:16:03] Cliente 1:: Estoy esperando en la cola para ser atendido.

[05/01/22 03:16:03] Cliente 1:: Estoy esperando en la cola para ser atendido.

[05/01/22 03:16:03] Cliente 1:: Estoy esperando en la cola para ser atendido.

[05/01/22 03:16:03] Cliente 1:: Me he cansado de esperar y me voy a las maquinas de Checking
[05/01/22 03:16:12] Cliente 1:: Me canse de esperar y me fui
[05/01/22 03:16:12] Main: Fin programa
[05/01/22 03:18:01] Main: Inicio programa
[05/01/22 03:18:01] Main: Se ha montando la señal de no vips
[05/01/22 03:18:01] Main: Se ha montando la señal de vips
[05/01/22 03:18:01] Main: Se ha montando la señal de terminar
[05/01/22 03:18:01] Main: Se ha montando la señal de aumentar
[05/01/22 03:18:07] Cliente 1:: acabo de entrar en el hotel
[05/01/22 03:18:40] Cliente 1:: Estoy esperando en la cola para ser atendido.

[05/01/22 03:18:40] Cliente 1:: Estoy esperando en la cola para ser atendido.

[05/01/22 03:18:40] Cliente 1:: Estoy esperando en la cola para ser atendido.

[05/01/22 03:18:40] Cliente 1:: Estoy esperando en la cola para ser atendido.

[05/01/22 03:18:40] Cliente 1:: Estoy esperando en la cola para ser atendido.

[05/01/22 03:18:40] Cliente 1:: Estoy esperando en la cola para ser atendido.

[05/01/22 03:18:40] Cliente 1:: Estoy esperando en la cola para ser atendido.

[05/01/22 03:18:40] Cliente 1:: Me he cansado de esperar y me voy a las maquinas de Checking
[05/01/22 03:18:49] Cliente 1:: Me he cansado de esperar y me voy a las maquinas de Checking
[05/01/22 03:18:55] Cliente 1:: Estoy esperando en la cola para ser atendido.

[05/01/22 03:18:55] Cliente 1:: Me he cansado de esperar y me voy a las maquinas de Checking
[05/01/22 03:19:01] Cliente 1:: Estoy esperando en la cola para ser atendido.

[05/01/22 03:19:01] Cliente 1:: Estoy esperando en la cola para ser atendido.

[05/01/22 03:19:01] Cliente 1:: Estoy esperando en la cola para ser atendido.

[05/01/22 03:19:01] Cliente 1:: Estoy esperando en la cola para ser atendido.

[05/01/22 03:19:01] Cliente 1:: Estoy esperando en la cola para ser atendido.

[05/01/22 03:19:01] Cliente 1:: Estoy esperando en la cola para ser atendido.

[05/01/22 03:19:01] Cliente 1:: Me he cansado de esperar y me voy a las maquinas de Checking
[05/01/22 03:19:04] Cliente 1:: Me he cansado de esperar y me voy a las maquinas de Checking
[05/01/22 03:19:10] Cliente 1:: Estoy esperando en la cola para ser atendido.

[05/01/22 03:19:10] Cliente 1:: Estoy esperando en la cola para ser atendido.

[05/01/22 03:19:10] Cliente 1:: Estoy esperando en la cola para ser atendido.

[05/01/22 03:19:10] Cliente 1:: Estoy esperando en la cola para ser atendido.

[05/01/22 03:19:10] Cliente 1:: Estoy esperando en la cola para ser atendido.

[05/01/22 03:19:10] Cliente 1:: Estoy esperando en la cola para ser atendido.

[05/01/22 03:19:10] Cliente 1:: Estoy esperando en la cola para ser atendido.

[05/01/22 03:19:10] Cliente 1:: Me he cansado de esperar y me voy a las maquinas de Checking
[05/01/22 03:19:13] Cliente 1:: Estoy esperando en la cola para ser atendido.

[05/01/22 03:19:13] Cliente 1:: Estoy esperando en la cola para ser atendido.

[05/01/22 03:19:13] Cliente 1:: Estoy esperando en la cola para ser atendido.

[05/01/22 03:19:13] Cliente 1:: Me canse de esperar y me fui
[05/01/22 03:20:47] Main: Fin programa
[05/01/22 03:20:50] Main: Inicio programa
[05/01/22 03:20:50] Main: Se ha montando la señal de no vips
[05/01/22 03:20:50] Main: Se ha montando la señal de vips
[05/01/22 03:20:50] Main: Se ha montando la señal de terminar
[05/01/22 03:20:50] Main: Se ha montando la señal de aumentar
[05/01/22 03:20:59] Cliente 1:: acabo de entrar en el hotel
[05/01/22 03:20:59] Cliente 1:: Estoy esperando en la cola para ser atendido.

[05/01/22 03:20:59] Cliente 1:: Estoy esperando en la cola para ser atendido.

[05/01/22 03:20:59] Cliente 1:: Estoy esperando en la cola para ser atendido.

[05/01/22 03:20:59] Cliente 1:: Estoy esperando en la cola para ser atendido.

[05/01/22 03:20:59] Cliente 1:: Me he cansado de esperar y me voy a las maquinas de Checking
[05/01/22 03:21:32] Cliente 1:: Estoy esperando en la cola para ser atendido.

[05/01/22 03:21:32] Cliente 1:: Me he cansado de esperar y me voy a las maquinas de Checking
[05/01/22 03:21:35] Main: Fin programa
[05/01/22 03:21:35] Cliente 1:: Me canse de esperar y me fui
[05/01/22 03:25:24] Main: Inicio programa
[05/01/22 03:25:24] Main: Se ha montando la señal de no vips
[05/01/22 03:25:24] Main: Se ha montando la señal de vips
[05/01/22 03:25:24] Main: Se ha montando la señal de terminar
[05/01/22 03:25:24] Main: Se ha montando la señal de aumentar
[05/01/22 03:25:34] Cliente 1:: acabo de entrar en el hotel
[05/01/22 03:25:34] Cliente 1:: Me he cansado de esperar y me voy a las maquinas de Checking
[05/01/22 03:25:40] Cliente 1:: Me fui para la habitacion por las escaleras

[05/01/22 03:25:45] Cliente 2:: acabo de entrar en el hotel
[05/01/22 03:25:45] Cliente 2:: Me canse de esperar y me fui
[05/01/22 03:25:54] Cliente 3:: acabo de entrar en el hotel
[05/01/22 03:25:54] Cliente 3:: Estoy esperando en la cola para ser atendido.

[05/01/22 03:25:57] Cliente 3:: Me he cansado de esperar y me voy a las maquinas de Checking
[05/01/22 03:26:03] Cliente 3:: Me fui para la habitacion por las escaleras

[05/01/22 03:26:09] Cliente 4:: acabo de entrar en el hotel
[05/01/22 03:26:09] Cliente 4:: Estoy esperando en la cola para ser atendido.

[05/01/22 03:26:12] Cliente 4:: Me he cansado de esperar y me voy a las maquinas de Checking
[05/01/22 03:26:18] Cliente 4:: Me fui para la habitacion por las escaleras

[05/01/22 03:26:25] Cliente 5:: acabo de entrar en el hotel
[05/01/22 03:26:25] Cliente 5:: Estoy esperando en la cola para ser atendido.

[05/01/22 03:26:28] Cliente 5:: Me he cansado de esperar y me voy a las maquinas de Checking
[05/01/22 03:26:34] Cliente 5:: Me fui para la habitacion por las escaleras

[05/01/22 11:10:46] Main: Inicio programa
[05/01/22 11:10:46] Main: Se ha montando la señal de no vips
[05/01/22 11:10:46] Main: Se ha montando la señal de vips
[05/01/22 11:10:46] Main: Se ha montando la señal de terminar
[05/01/22 11:10:46] Main: Se ha montando la señal de aumentar
[05/01/22 11:11:22] Cliente 1:: acabo de entrar en el hotel
[05/01/22 11:11:22] Cliente 1:: Estoy esperando en la cola para ser atendido.

[05/01/22 11:11:25] Cliente 1:: Estoy esperando en la cola para ser atendido.

[05/01/22 11:11:28] Cliente 1:: Estoy esperando en la cola para ser atendido.

[05/01/22 11:11:31] Cliente 1:: Estoy esperando en la cola para ser atendido.

[05/01/22 11:11:34] Cliente 1:: Me canse de esperar y me fui
[05/01/22 11:11:43] Main: Fin programa
[05/01/22 11:14:53] Main: Inicio programa
[05/01/22 11:14:53] Main: Se ha montando la señal de no vips
[05/01/22 11:14:53] Main: Se ha montando la señal de vips
[05/01/22 11:14:53] Main: Se ha montando la señal de terminar
[05/01/22 11:14:53] Main: Se ha montando la señal de aumentar
[05/01/22 11:15:08] Cliente 1:: acabo de entrar en el hotel
[05/01/22 11:15:08] Cliente 1:: Estoy esperando en la cola para ser atendido.

[05/01/22 11:15:11] Cliente 1:: Estoy esperando en la cola para ser atendido.

[05/01/22 11:15:14] Cliente 1:: Estoy esperando en la cola para ser atendido.

[05/01/22 11:15:17] Cliente 1:: Estoy esperando en la cola para ser atendido.

[05/01/22 11:15:20] Cliente 1:: Estoy esperando en la cola para ser atendido.

[05/01/22 11:15:23] Cliente 1:: Estoy esperando en la cola para ser atendido.

[05/01/22 11:15:26] Cliente 1:: Estoy esperando en la cola para ser atendido.

[05/01/22 11:15:29] Cliente 1:: Estoy esperando en la cola para ser atendido.

[05/01/22 11:15:32] Cliente 1:: Estoy esperando en la cola para ser atendido.

[05/01/22 11:15:35] Cliente 1:: Me canse de esperar y me fui
[05/01/22 11:15:37] Main: Fin programa
[05/01/22 11:19:11] Main: Inicio programa
[05/01/22 11:19:11] Main: Se ha montando la señal de no vips
[05/01/22 11:19:11] Main: Se ha montando la señal de vips
[05/01/22 11:19:11] Main: Se ha montando la señal de terminar
[05/01/22 11:19:11] Main: Se ha montando la señal de aumentar
[05/01/22 11:19:21] Cliente 1:: acabo de entrar en el hotel
[05/01/22 11:19:21] Cliente 1:: Estoy esperando en la cola para ser atendido.

[05/01/22 11:26:02] Main: Inicio programa
[05/01/22 11:26:02] Main: Se ha montando la señal de no vips
[05/01/22 11:26:02] Main: Se ha montando la señal de vips
[05/01/22 11:26:02] Main: Se ha montando la señal de terminar
[05/01/22 11:26:02] Main: Se ha montando la señal de aumentar
[05/01/22 11:26:40] Main: Fin programa
[05/01/22 11:26:43] Main: Inicio programa
[05/01/22 11:26:43] Main: Se ha montando la señal de no vips
[05/01/22 11:26:43] Main: Se ha montando la señal de vips
[05/01/22 11:26:43] Main: Se ha montando la señal de terminar
[05/01/22 11:26:43] Main: Se ha montando la señal de aumentar
[05/01/22 11:26:51] Main: Fin programa
[05/01/22 11:27:26] Main: Inicio programa
[05/01/22 11:27:26] Main: Se ha montando la señal de no vips
[05/01/22 11:27:26] Main: Se ha montando la señal de vips
[05/01/22 11:27:26] Main: Se ha montando la señal de terminar
[05/01/22 11:27:26] Main: Se ha montando la señal de aumentar
[05/01/22 11:28:01] Cliente 1:: acabo de entrar en el hotel
[05/01/22 11:28:01] Cliente 1:: Estoy esperando en la cola para ser atendido.

[05/01/22 11:37:48] Main: Inicio programa
[05/01/22 11:37:48] Main: Se ha montando la señal de no vips
[05/01/22 11:37:48] Main: Se ha montando la señal de vips
[05/01/22 11:37:48] Main: Se ha montando la señal de terminar
[05/01/22 11:37:48] Main: Se ha montando la señal de aumentar
[05/01/22 11:45:17] Main: Inicio programa
[05/01/22 11:45:17] Main: Se ha montando la señal de no vips
[05/01/22 11:45:17] Main: Se ha montando la señal de vips
[05/01/22 11:45:17] Main: Se ha montando la señal de terminar
[05/01/22 11:45:17] Main: Se ha montando la señal de aumentar
[05/01/22 11:45:32] Cliente 1:: acabo de entrar en el hotel
[05/01/22 11:45:32] Cliente 1:: Estoy esperando en la cola para ser atendido.

[05/01/22 11:45:33] Recepcionista_2: Comineza la atencion
[05/01/22 11:45:35] Recepcionista_2: El cliente 1 tiene todo en regla
[05/01/22 11:45:35] Recepcionista_2: Ha finalizado la atención
[05/01/22 11:45:35] Recepcionista_2: Comineza la atencion
[05/01/22 11:45:39] Recepcionista_2: El cliente 1 tiene todo en regla
[05/01/22 11:45:39] Recepcionista_2: Ha finalizado la atención
[05/01/22 11:45:39] Recepcionista_2: Comineza la atencion
[05/01/22 11:45:41] Recepcionista_2: El cliente 1 tiene todo en regla
[05/01/22 11:45:41] Recepcionista_2: Ha finalizado la atención
[05/01/22 11:45:41] Recepcionista_2: Comineza la atencion
[05/01/22 11:45:43] Recepcionista_2: El cliente 1 tiene todo en regla
[05/01/22 11:45:43] Recepcionista_2: Ha finalizado la atención
[05/01/22 11:45:43] Recepcionista_2: Comineza la atencion
[05/01/22 11:45:45] Recepcionista_2: El cliente 1 está mal identificado
[05/01/22 11:45:45] Recepcionista_2: Ha finalizado la atención
[05/01/22 11:45:45] Cliente 1:: Esta en el ascensor
[05/01/22 11:47:12] Main: Inicio programa
[05/01/22 11:47:12] Main: Se ha montando la señal de no vips
[05/01/22 11:47:12] Main: Se ha montando la señal de vips
[05/01/22 11:47:12] Main: Se ha montando la señal de terminar
[05/01/22 11:47:12] Main: Se ha montando la señal de aumentar
[05/01/22 11:47:22] Cliente 1:: acabo de entrar en el hotel
[05/01/22 11:47:22] Cliente 1:: Me canse de esperar y me fui
[05/01/22 11:47:34] Cliente 2:: acabo de entrar en el hotel
[05/01/22 11:47:34] Recepcionista_1: Comineza la atencion
[05/01/22 11:47:36] Recepcionista_1: El cliente 2 tiene todo en regla
[05/01/22 11:47:36] Recepcionista_1: Ha finalizado la atención
[05/01/22 11:47:40] Cliente 2:: Esta en el ascensor
